{"inputs": {"userid": 0}, "name": "Exp1", "checksum": "4b80881d", "params": {"specific_goal": 1, "ratings_goal": 8, "group_size": 1, "ratings_per_user_goal": 8}, "time": 1397225474, "salt": "Exp1", "event": "exposure"}
{"inputs": {"userid": 1}, "name": "Exp1", "checksum": "4b80881d", "params": {"specific_goal": 1, "ratings_goal": 160, "group_size": 10, "ratings_per_user_goal": 16}, "time": 1397225474, "salt": "Exp1", "event": "exposure"}
{"inputs": {"userid": 2}, "name": "Exp1", "checksum": "4b80881d", "params": {"specific_goal": 1, "ratings_goal": 640, "group_size": 10, "ratings_per_user_goal": 64}, "time": 1397225474, "salt": "Exp1", "event": "exposure"}
{"inputs": {"userid": 3}, "name": "Exp1", "checksum": "4b80881d", "params": {"specific_goal": 1, "ratings_goal": 160, "group_size": 10, "ratings_per_user_goal": 16}, "time": 1397225474, "salt": "Exp1", "event": "exposure"}
{"inputs": {"userid": 4}, "name": "Exp1", "checksum": "4b80881d", "params": {"specific_goal": 1, "ratings_goal": 80, "group_size": 10, "ratings_per_user_goal": 8}, "time": 1397225474, "salt": "Exp1", "event": "exposure"}
{"inputs": {"userid": 5}, "name": "Exp1", "checksum": "4b80881d", "params": {"group_size": 1, "specific_goal": 0}, "time": 1397225474, "salt": "Exp1", "event": "exposure"}
{"inputs": {"userid": 6}, "name": "Exp1", "checksum": "4b80881d", "params": {"specific_goal": 1, "ratings_goal": 80, "group_size": 10, "ratings_per_user_goal": 8}, "time": 1397225474, "salt": "Exp1", "event": "exposure"}
{"inputs": {"userid": 7}, "name": "Exp1", "checksum": "4b80881d", "params": {"specific_goal": 1, "ratings_goal": 8, "group_size": 1, "ratings_per_user_goal": 8}, "time": 1397225474, "salt": "Exp1", "event": "exposure"}
{"inputs": {"userid": 8}, "name": "Exp1", "checksum": "4b80881d", "params": {"specific_goal": 1, "ratings_goal": 80, "group_size": 10, "ratings_per_user_goal": 8}, "time": 1397225474, "salt": "Exp1", "event": "exposure"}
{"inputs": {"userid": 9}, "name": "Exp1", "checksum": "4b80881d", "params": {"group_size": 1, "specific_goal": 0}, "time": 1397225474, "salt": "Exp1", "event": "exposure"}
{"inputs": {"userid": 0}, "name": "Exp1", "checksum": "2b0c4cfb", "params": {"ratings_per_user_goal": 8, "ratings_goal": 8, "group_size": 1, "specific_goal": 1}, "time": 1397225474, "salt": "Exp1", "event": "exposure"}
{"inputs": {"userid": 1}, "name": "Exp1", "checksum": "2b0c4cfb", "params": {"ratings_per_user_goal": 16, "ratings_goal": 160, "group_size": 10, "specific_goal": 1}, "time": 1397225474, "salt": "Exp1", "event": "exposure"}
{"inputs": {"userid": 2}, "name": "Exp1", "checksum": "2b0c4cfb", "params": {"ratings_per_user_goal": 64, "ratings_goal": 640, "group_size": 10, "specific_goal": 1}, "time": 1397225474, "salt": "Exp1", "event": "exposure"}
{"inputs": {"userid": 3}, "name": "Exp1", "checksum": "2b0c4cfb", "params": {"ratings_per_user_goal": 16, "ratings_goal": 160, "group_size": 10, "specific_goal": 1}, "time": 1397225474, "salt": "Exp1", "event": "exposure"}
{"inputs": {"userid": 4}, "name": "Exp1", "checksum": "2b0c4cfb", "params": {"ratings_per_user_goal": 8, "ratings_goal": 80, "group_size": 10, "specific_goal": 1}, "time": 1397225474, "salt": "Exp1", "event": "exposure"}
{"inputs": {"userid": 5}, "name": "Exp1", "checksum": "2b0c4cfb", "params": {"group_size": 1, "specific_goal": 0}, "time": 1397225474, "salt": "Exp1", "event": "exposure"}
{"inputs": {"userid": 6}, "name": "Exp1", "checksum": "2b0c4cfb", "params": {"ratings_per_user_goal": 8, "ratings_goal": 80, "group_size": 10, "specific_goal": 1}, "time": 1397225474, "salt": "Exp1", "event": "exposure"}
{"inputs": {"userid": 7}, "name": "Exp1", "checksum": "2b0c4cfb", "params": {"ratings_per_user_goal": 8, "ratings_goal": 8, "group_size": 1, "specific_goal": 1}, "time": 1397225474, "salt": "Exp1", "event": "exposure"}
{"inputs": {"userid": 8}, "name": "Exp1", "checksum": "2b0c4cfb", "params": {"ratings_per_user_goal": 8, "ratings_goal": 80, "group_size": 10, "specific_goal": 1}, "time": 1397225474, "salt": "Exp1", "event": "exposure"}
{"inputs": {"userid": 9}, "name": "Exp1", "checksum": "2b0c4cfb", "params": {"group_size": 1, "specific_goal": 0}, "time": 1397225474, "salt": "Exp1", "event": "exposure"}
{"inputs": {"userid": 0}, "name": "Exp1", "checksum": "4b80881d", "params": {"specific_goal": 1, "ratings_goal": 8, "group_size": 1, "ratings_per_user_goal": 8}, "time": 1397225569, "salt": "Exp1", "event": "exposure"}
{"inputs": {"userid": 1}, "name": "Exp1", "checksum": "4b80881d", "params": {"specific_goal": 1, "ratings_goal": 160, "group_size": 10, "ratings_per_user_goal": 16}, "time": 1397225569, "salt": "Exp1", "event": "exposure"}
{"inputs": {"userid": 2}, "name": "Exp1", "checksum": "4b80881d", "params": {"specific_goal": 1, "ratings_goal": 640, "group_size": 10, "ratings_per_user_goal": 64}, "time": 1397225569, "salt": "Exp1", "event": "exposure"}
{"inputs": {"userid": 3}, "name": "Exp1", "checksum": "4b80881d", "params": {"specific_goal": 1, "ratings_goal": 160, "group_size": 10, "ratings_per_user_goal": 16}, "time": 1397225569, "salt": "Exp1", "event": "exposure"}
{"inputs": {"userid": 4}, "name": "Exp1", "checksum": "4b80881d", "params": {"specific_goal": 1, "ratings_goal": 80, "group_size": 10, "ratings_per_user_goal": 8}, "time": 1397225569, "salt": "Exp1", "event": "exposure"}
{"inputs": {"userid": 5}, "name": "Exp1", "checksum": "4b80881d", "params": {"group_size": 1, "specific_goal": 0}, "time": 1397225569, "salt": "Exp1", "event": "exposure"}
{"inputs": {"userid": 6}, "name": "Exp1", "checksum": "4b80881d", "params": {"specific_goal": 1, "ratings_goal": 80, "group_size": 10, "ratings_per_user_goal": 8}, "time": 1397225569, "salt": "Exp1", "event": "exposure"}
{"inputs": {"userid": 7}, "name": "Exp1", "checksum": "4b80881d", "params": {"specific_goal": 1, "ratings_goal": 8, "group_size": 1, "ratings_per_user_goal": 8}, "time": 1397225569, "salt": "Exp1", "event": "exposure"}
{"inputs": {"userid": 8}, "name": "Exp1", "checksum": "4b80881d", "params": {"specific_goal": 1, "ratings_goal": 80, "group_size": 10, "ratings_per_user_goal": 8}, "time": 1397225569, "salt": "Exp1", "event": "exposure"}
{"inputs": {"userid": 9}, "name": "Exp1", "checksum": "4b80881d", "params": {"group_size": 1, "specific_goal": 0}, "time": 1397225569, "salt": "Exp1", "event": "exposure"}
{"inputs": {"userid": 0}, "name": "Exp1", "checksum": "2b0c4cfb", "params": {"ratings_per_user_goal": 8, "ratings_goal": 8, "group_size": 1, "specific_goal": 1}, "time": 1397225569, "salt": "Exp1", "event": "exposure"}
{"inputs": {"userid": 1}, "name": "Exp1", "checksum": "2b0c4cfb", "params": {"ratings_per_user_goal": 16, "ratings_goal": 160, "group_size": 10, "specific_goal": 1}, "time": 1397225569, "salt": "Exp1", "event": "exposure"}
{"inputs": {"userid": 2}, "name": "Exp1", "checksum": "2b0c4cfb", "params": {"ratings_per_user_goal": 64, "ratings_goal": 640, "group_size": 10, "specific_goal": 1}, "time": 1397225569, "salt": "Exp1", "event": "exposure"}
{"inputs": {"userid": 3}, "name": "Exp1", "checksum": "2b0c4cfb", "params": {"ratings_per_user_goal": 16, "ratings_goal": 160, "group_size": 10, "specific_goal": 1}, "time": 1397225569, "salt": "Exp1", "event": "exposure"}
{"inputs": {"userid": 4}, "name": "Exp1", "checksum": "2b0c4cfb", "params": {"ratings_per_user_goal": 8, "ratings_goal": 80, "group_size": 10, "specific_goal": 1}, "time": 1397225569, "salt": "Exp1", "event": "exposure"}
{"inputs": {"userid": 5}, "name": "Exp1", "checksum": "2b0c4cfb", "params": {"group_size": 1, "specific_goal": 0}, "time": 1397225569, "salt": "Exp1", "event": "exposure"}
{"inputs": {"userid": 6}, "name": "Exp1", "checksum": "2b0c4cfb", "params": {"ratings_per_user_goal": 8, "ratings_goal": 80, "group_size": 10, "specific_goal": 1}, "time": 1397225569, "salt": "Exp1", "event": "exposure"}
{"inputs": {"userid": 7}, "name": "Exp1", "checksum": "2b0c4cfb", "params": {"ratings_per_user_goal": 8, "ratings_goal": 8, "group_size": 1, "specific_goal": 1}, "time": 1397225569, "salt": "Exp1", "event": "exposure"}
{"inputs": {"userid": 8}, "name": "Exp1", "checksum": "2b0c4cfb", "params": {"ratings_per_user_goal": 8, "ratings_goal": 80, "group_size": 10, "specific_goal": 1}, "time": 1397225569, "salt": "Exp1", "event": "exposure"}
{"inputs": {"userid": 9}, "name": "Exp1", "checksum": "2b0c4cfb", "params": {"group_size": 1, "specific_goal": 0}, "time": 1397225569, "salt": "Exp1", "event": "exposure"}
{"inputs": {"userid": 0}, "name": "Exp1", "checksum": "4b80881d", "params": {"userid": 4, "specific_goal": 1, "ratings_goal": 8, "group_size": 1, "ratings_per_user_goal": 8}, "time": 1397225715, "salt": "Exp1", "event": "exposure"}
{"inputs": {"userid": 1}, "name": "Exp1", "checksum": "4b80881d", "params": {"userid": 4, "specific_goal": 1, "ratings_goal": 160, "group_size": 10, "ratings_per_user_goal": 16}, "time": 1397225715, "salt": "Exp1", "event": "exposure"}
{"inputs": {"userid": 2}, "name": "Exp1", "checksum": "4b80881d", "params": {"userid": 4, "specific_goal": 1, "ratings_goal": 640, "group_size": 10, "ratings_per_user_goal": 64}, "time": 1397225715, "salt": "Exp1", "event": "exposure"}
{"inputs": {"userid": 3}, "name": "Exp1", "checksum": "4b80881d", "params": {"userid": 4, "specific_goal": 1, "ratings_goal": 160, "group_size": 10, "ratings_per_user_goal": 16}, "time": 1397225715, "salt": "Exp1", "event": "exposure"}
{"inputs": {"userid": 4}, "name": "Exp1", "checksum": "4b80881d", "params": {"userid": 4, "specific_goal": 1, "ratings_goal": 80, "group_size": 10, "ratings_per_user_goal": 8}, "time": 1397225715, "salt": "Exp1", "event": "exposure"}
{"inputs": {"userid": 5}, "name": "Exp1", "checksum": "4b80881d", "params": {"userid": 4, "group_size": 1, "specific_goal": 0}, "time": 1397225715, "salt": "Exp1", "event": "exposure"}
{"inputs": {"userid": 6}, "name": "Exp1", "checksum": "4b80881d", "params": {"userid": 4, "specific_goal": 1, "ratings_goal": 80, "group_size": 10, "ratings_per_user_goal": 8}, "time": 1397225715, "salt": "Exp1", "event": "exposure"}
{"inputs": {"userid": 7}, "name": "Exp1", "checksum": "4b80881d", "params": {"userid": 4, "specific_goal": 1, "ratings_goal": 8, "group_size": 1, "ratings_per_user_goal": 8}, "time": 1397225715, "salt": "Exp1", "event": "exposure"}
{"inputs": {"userid": 8}, "name": "Exp1", "checksum": "4b80881d", "params": {"userid": 4, "specific_goal": 1, "ratings_goal": 80, "group_size": 10, "ratings_per_user_goal": 8}, "time": 1397225715, "salt": "Exp1", "event": "exposure"}
{"inputs": {"userid": 9}, "name": "Exp1", "checksum": "4b80881d", "params": {"userid": 4, "group_size": 1, "specific_goal": 0}, "time": 1397225715, "salt": "Exp1", "event": "exposure"}
{"inputs": {"userid": 0}, "name": "Exp1", "checksum": "2b0c4cfb", "params": {"userid": 4, "ratings_per_user_goal": 8, "ratings_goal": 8, "group_size": 1, "specific_goal": 1}, "time": 1397225715, "salt": "Exp1", "event": "exposure"}
{"inputs": {"userid": 1}, "name": "Exp1", "checksum": "2b0c4cfb", "params": {"userid": 4, "ratings_per_user_goal": 16, "ratings_goal": 160, "group_size": 10, "specific_goal": 1}, "time": 1397225715, "salt": "Exp1", "event": "exposure"}
{"inputs": {"userid": 2}, "name": "Exp1", "checksum": "2b0c4cfb", "params": {"userid": 4, "ratings_per_user_goal": 64, "ratings_goal": 640, "group_size": 10, "specific_goal": 1}, "time": 1397225715, "salt": "Exp1", "event": "exposure"}
{"inputs": {"userid": 3}, "name": "Exp1", "checksum": "2b0c4cfb", "params": {"userid": 4, "ratings_per_user_goal": 16, "ratings_goal": 160, "group_size": 10, "specific_goal": 1}, "time": 1397225715, "salt": "Exp1", "event": "exposure"}
{"inputs": {"userid": 4}, "name": "Exp1", "checksum": "2b0c4cfb", "params": {"userid": 4, "ratings_per_user_goal": 8, "ratings_goal": 80, "group_size": 10, "specific_goal": 1}, "time": 1397225715, "salt": "Exp1", "event": "exposure"}
{"inputs": {"userid": 5}, "name": "Exp1", "checksum": "2b0c4cfb", "params": {"userid": 4, "group_size": 1, "specific_goal": 0}, "time": 1397225715, "salt": "Exp1", "event": "exposure"}
{"inputs": {"userid": 6}, "name": "Exp1", "checksum": "2b0c4cfb", "params": {"userid": 4, "ratings_per_user_goal": 8, "ratings_goal": 80, "group_size": 10, "specific_goal": 1}, "time": 1397225715, "salt": "Exp1", "event": "exposure"}
{"inputs": {"userid": 7}, "name": "Exp1", "checksum": "2b0c4cfb", "params": {"userid": 4, "ratings_per_user_goal": 8, "ratings_goal": 8, "group_size": 1, "specific_goal": 1}, "time": 1397225715, "salt": "Exp1", "event": "exposure"}
{"inputs": {"userid": 8}, "name": "Exp1", "checksum": "2b0c4cfb", "params": {"userid": 4, "ratings_per_user_goal": 8, "ratings_goal": 80, "group_size": 10, "specific_goal": 1}, "time": 1397225715, "salt": "Exp1", "event": "exposure"}
{"inputs": {"userid": 9}, "name": "Exp1", "checksum": "2b0c4cfb", "params": {"userid": 4, "group_size": 1, "specific_goal": 0}, "time": 1397225715, "salt": "Exp1", "event": "exposure"}
{"inputs": {"userid": 0}, "name": "Exp1", "checksum": "4b80881d", "params": {"userid": 4, "specific_goal": 1, "ratings_goal": 8, "group_size": 1, "ratings_per_user_goal": 8}, "time": 1397226005, "salt": "Exp1", "event": "exposure"}
{"inputs": {"userid": 1}, "name": "Exp1", "checksum": "4b80881d", "params": {"userid": 4, "specific_goal": 1, "ratings_goal": 160, "group_size": 10, "ratings_per_user_goal": 16}, "time": 1397226005, "salt": "Exp1", "event": "exposure"}
{"inputs": {"userid": 2}, "name": "Exp1", "checksum": "4b80881d", "params": {"userid": 4, "specific_goal": 1, "ratings_goal": 640, "group_size": 10, "ratings_per_user_goal": 64}, "time": 1397226005, "salt": "Exp1", "event": "exposure"}
{"inputs": {"userid": 3}, "name": "Exp1", "checksum": "4b80881d", "params": {"userid": 4, "specific_goal": 1, "ratings_goal": 160, "group_size": 10, "ratings_per_user_goal": 16}, "time": 1397226005, "salt": "Exp1", "event": "exposure"}
{"inputs": {"userid": 4}, "name": "Exp1", "checksum": "4b80881d", "params": {"userid": 4, "specific_goal": 1, "ratings_goal": 80, "group_size": 10, "ratings_per_user_goal": 8}, "time": 1397226005, "salt": "Exp1", "event": "exposure"}
{"inputs": {"userid": 5}, "name": "Exp1", "checksum": "4b80881d", "params": {"userid": 4, "group_size": 1, "specific_goal": 0}, "time": 1397226005, "salt": "Exp1", "event": "exposure"}
{"inputs": {"userid": 6}, "name": "Exp1", "checksum": "4b80881d", "params": {"userid": 4, "specific_goal": 1, "ratings_goal": 80, "group_size": 10, "ratings_per_user_goal": 8}, "time": 1397226005, "salt": "Exp1", "event": "exposure"}
{"inputs": {"userid": 7}, "name": "Exp1", "checksum": "4b80881d", "params": {"userid": 4, "specific_goal": 1, "ratings_goal": 8, "group_size": 1, "ratings_per_user_goal": 8}, "time": 1397226005, "salt": "Exp1", "event": "exposure"}
{"inputs": {"userid": 8}, "name": "Exp1", "checksum": "4b80881d", "params": {"userid": 4, "specific_goal": 1, "ratings_goal": 80, "group_size": 10, "ratings_per_user_goal": 8}, "time": 1397226005, "salt": "Exp1", "event": "exposure"}
{"inputs": {"userid": 9}, "name": "Exp1", "checksum": "4b80881d", "params": {"userid": 4, "group_size": 1, "specific_goal": 0}, "time": 1397226005, "salt": "Exp1", "event": "exposure"}
{"inputs": {"userid": 0}, "name": "Exp1", "checksum": "2b0c4cfb", "params": {"userid": 4, "ratings_per_user_goal": 8, "ratings_goal": 8, "group_size": 1, "specific_goal": 1}, "time": 1397226005, "salt": "Exp1", "event": "exposure"}
{"inputs": {"userid": 1}, "name": "Exp1", "checksum": "2b0c4cfb", "params": {"userid": 4, "ratings_per_user_goal": 16, "ratings_goal": 160, "group_size": 10, "specific_goal": 1}, "time": 1397226005, "salt": "Exp1", "event": "exposure"}
{"inputs": {"userid": 2}, "name": "Exp1", "checksum": "2b0c4cfb", "params": {"userid": 4, "ratings_per_user_goal": 64, "ratings_goal": 640, "group_size": 10, "specific_goal": 1}, "time": 1397226005, "salt": "Exp1", "event": "exposure"}
{"inputs": {"userid": 3}, "name": "Exp1", "checksum": "2b0c4cfb", "params": {"userid": 4, "ratings_per_user_goal": 16, "ratings_goal": 160, "group_size": 10, "specific_goal": 1}, "time": 1397226005, "salt": "Exp1", "event": "exposure"}
{"inputs": {"userid": 4}, "name": "Exp1", "checksum": "2b0c4cfb", "params": {"userid": 4, "ratings_per_user_goal": 8, "ratings_goal": 80, "group_size": 10, "specific_goal": 1}, "time": 1397226005, "salt": "Exp1", "event": "exposure"}
{"inputs": {"userid": 5}, "name": "Exp1", "checksum": "2b0c4cfb", "params": {"userid": 4, "group_size": 1, "specific_goal": 0}, "time": 1397226005, "salt": "Exp1", "event": "exposure"}
{"inputs": {"userid": 6}, "name": "Exp1", "checksum": "2b0c4cfb", "params": {"userid": 4, "ratings_per_user_goal": 8, "ratings_goal": 80, "group_size": 10, "specific_goal": 1}, "time": 1397226005, "salt": "Exp1", "event": "exposure"}
{"inputs": {"userid": 7}, "name": "Exp1", "checksum": "2b0c4cfb", "params": {"userid": 4, "ratings_per_user_goal": 8, "ratings_goal": 8, "group_size": 1, "specific_goal": 1}, "time": 1397226005, "salt": "Exp1", "event": "exposure"}
{"inputs": {"userid": 8}, "name": "Exp1", "checksum": "2b0c4cfb", "params": {"userid": 4, "ratings_per_user_goal": 8, "ratings_goal": 80, "group_size": 10, "specific_goal": 1}, "time": 1397226005, "salt": "Exp1", "event": "exposure"}
{"inputs": {"userid": 9}, "name": "Exp1", "checksum": "2b0c4cfb", "params": {"userid": 4, "group_size": 1, "specific_goal": 0}, "time": 1397226005, "salt": "Exp1", "event": "exposure"}
{"inputs": {"userid": 0}, "name": "Exp1", "checksum": "4b80881d", "params": {"userid": 4, "specific_goal": 1, "ratings_goal": 8, "group_size": 1, "ratings_per_user_goal": 8}, "time": 1397268823, "salt": "Exp1", "event": "exposure"}
{"inputs": {"userid": 1}, "name": "Exp1", "checksum": "4b80881d", "params": {"userid": 4, "specific_goal": 1, "ratings_goal": 160, "group_size": 10, "ratings_per_user_goal": 16}, "time": 1397268823, "salt": "Exp1", "event": "exposure"}
{"inputs": {"userid": 2}, "name": "Exp1", "checksum": "4b80881d", "params": {"userid": 4, "specific_goal": 1, "ratings_goal": 640, "group_size": 10, "ratings_per_user_goal": 64}, "time": 1397268823, "salt": "Exp1", "event": "exposure"}
{"inputs": {"userid": 3}, "name": "Exp1", "checksum": "4b80881d", "params": {"userid": 4, "specific_goal": 1, "ratings_goal": 160, "group_size": 10, "ratings_per_user_goal": 16}, "time": 1397268823, "salt": "Exp1", "event": "exposure"}
{"inputs": {"userid": 4}, "name": "Exp1", "checksum": "4b80881d", "params": {"userid": 4, "specific_goal": 1, "ratings_goal": 80, "group_size": 10, "ratings_per_user_goal": 8}, "time": 1397268823, "salt": "Exp1", "event": "exposure"}
{"inputs": {"userid": 5}, "name": "Exp1", "checksum": "4b80881d", "params": {"userid": 4, "group_size": 1, "specific_goal": 0}, "time": 1397268823, "salt": "Exp1", "event": "exposure"}
{"inputs": {"userid": 6}, "name": "Exp1", "checksum": "4b80881d", "params": {"userid": 4, "specific_goal": 1, "ratings_goal": 80, "group_size": 10, "ratings_per_user_goal": 8}, "time": 1397268823, "salt": "Exp1", "event": "exposure"}
{"inputs": {"userid": 7}, "name": "Exp1", "checksum": "4b80881d", "params": {"userid": 4, "specific_goal": 1, "ratings_goal": 8, "group_size": 1, "ratings_per_user_goal": 8}, "time": 1397268823, "salt": "Exp1", "event": "exposure"}
{"inputs": {"userid": 8}, "name": "Exp1", "checksum": "4b80881d", "params": {"userid": 4, "specific_goal": 1, "ratings_goal": 80, "group_size": 10, "ratings_per_user_goal": 8}, "time": 1397268823, "salt": "Exp1", "event": "exposure"}
{"inputs": {"userid": 9}, "name": "Exp1", "checksum": "4b80881d", "params": {"userid": 4, "group_size": 1, "specific_goal": 0}, "time": 1397268823, "salt": "Exp1", "event": "exposure"}
{"inputs": {"userid": 0}, "name": "Exp1", "checksum": "2b0c4cfb", "params": {"userid": 4, "ratings_per_user_goal": 8, "ratings_goal": 8, "group_size": 1, "specific_goal": 1}, "time": 1397268823, "salt": "Exp1", "event": "exposure"}
{"inputs": {"userid": 1}, "name": "Exp1", "checksum": "2b0c4cfb", "params": {"userid": 4, "ratings_per_user_goal": 16, "ratings_goal": 160, "group_size": 10, "specific_goal": 1}, "time": 1397268823, "salt": "Exp1", "event": "exposure"}
{"inputs": {"userid": 2}, "name": "Exp1", "checksum": "2b0c4cfb", "params": {"userid": 4, "ratings_per_user_goal": 64, "ratings_goal": 640, "group_size": 10, "specific_goal": 1}, "time": 1397268823, "salt": "Exp1", "event": "exposure"}
{"inputs": {"userid": 3}, "name": "Exp1", "checksum": "2b0c4cfb", "params": {"userid": 4, "ratings_per_user_goal": 16, "ratings_goal": 160, "group_size": 10, "specific_goal": 1}, "time": 1397268823, "salt": "Exp1", "event": "exposure"}
{"inputs": {"userid": 4}, "name": "Exp1", "checksum": "2b0c4cfb", "params": {"userid": 4, "ratings_per_user_goal": 8, "ratings_goal": 80, "group_size": 10, "specific_goal": 1}, "time": 1397268823, "salt": "Exp1", "event": "exposure"}
{"inputs": {"userid": 5}, "name": "Exp1", "checksum": "2b0c4cfb", "params": {"userid": 4, "group_size": 1, "specific_goal": 0}, "time": 1397268823, "salt": "Exp1", "event": "exposure"}
{"inputs": {"userid": 6}, "name": "Exp1", "checksum": "2b0c4cfb", "params": {"userid": 4, "ratings_per_user_goal": 8, "ratings_goal": 80, "group_size": 10, "specific_goal": 1}, "time": 1397268823, "salt": "Exp1", "event": "exposure"}
{"inputs": {"userid": 7}, "name": "Exp1", "checksum": "2b0c4cfb", "params": {"userid": 4, "ratings_per_user_goal": 8, "ratings_goal": 8, "group_size": 1, "specific_goal": 1}, "time": 1397268823, "salt": "Exp1", "event": "exposure"}
{"inputs": {"userid": 8}, "name": "Exp1", "checksum": "2b0c4cfb", "params": {"userid": 4, "ratings_per_user_goal": 8, "ratings_goal": 80, "group_size": 10, "specific_goal": 1}, "time": 1397268823, "salt": "Exp1", "event": "exposure"}
{"inputs": {"userid": 9}, "name": "Exp1", "checksum": "2b0c4cfb", "params": {"userid": 4, "group_size": 1, "specific_goal": 0}, "time": 1397268823, "salt": "Exp1", "event": "exposure"}
{"inputs": {"userid": 0}, "name": "Exp1", "checksum": "9e4c1d89", "params": {"userid": 4, "specific_goal": 1, "ratings_goal": 8, "group_size": 1, "ratings_per_user_goal": 8}, "time": 1397269059, "salt": "Exp1", "event": "exposure"}
{"inputs": {"userid": 1}, "name": "Exp1", "checksum": "9e4c1d89", "params": {"userid": 4, "specific_goal": 1, "ratings_goal": 160, "group_size": 10, "ratings_per_user_goal": 16}, "time": 1397269059, "salt": "Exp1", "event": "exposure"}
{"inputs": {"userid": 2}, "name": "Exp1", "checksum": "9e4c1d89", "params": {"userid": 4, "specific_goal": 1, "ratings_goal": 640, "group_size": 10, "ratings_per_user_goal": 64}, "time": 1397269059, "salt": "Exp1", "event": "exposure"}
{"inputs": {"userid": 3}, "name": "Exp1", "checksum": "9e4c1d89", "params": {"userid": 4, "specific_goal": 1, "ratings_goal": 160, "group_size": 10, "ratings_per_user_goal": 16}, "time": 1397269059, "salt": "Exp1", "event": "exposure"}
{"inputs": {"userid": 4}, "name": "Exp1", "checksum": "9e4c1d89", "params": {"userid": 4, "specific_goal": 1, "ratings_goal": 80, "group_size": 10, "ratings_per_user_goal": 8}, "time": 1397269059, "salt": "Exp1", "event": "exposure"}
{"inputs": {"userid": 5}, "name": "Exp1", "checksum": "9e4c1d89", "params": {"userid": 4, "group_size": 1, "specific_goal": 0}, "time": 1397269059, "salt": "Exp1", "event": "exposure"}
{"inputs": {"userid": 6}, "name": "Exp1", "checksum": "9e4c1d89", "params": {"userid": 4, "specific_goal": 1, "ratings_goal": 80, "group_size": 10, "ratings_per_user_goal": 8}, "time": 1397269059, "salt": "Exp1", "event": "exposure"}
{"inputs": {"userid": 7}, "name": "Exp1", "checksum": "9e4c1d89", "params": {"userid": 4, "specific_goal": 1, "ratings_goal": 8, "group_size": 1, "ratings_per_user_goal": 8}, "time": 1397269059, "salt": "Exp1", "event": "exposure"}
{"inputs": {"userid": 8}, "name": "Exp1", "checksum": "9e4c1d89", "params": {"userid": 4, "specific_goal": 1, "ratings_goal": 80, "group_size": 10, "ratings_per_user_goal": 8}, "time": 1397269059, "salt": "Exp1", "event": "exposure"}
{"inputs": {"userid": 9}, "name": "Exp1", "checksum": "9e4c1d89", "params": {"userid": 4, "group_size": 1, "specific_goal": 0}, "time": 1397269059, "salt": "Exp1", "event": "exposure"}
{"inputs": {"userid": 0}, "name": "Exp1", "checksum": "2b0c4cfb", "params": {"userid": 4, "ratings_per_user_goal": 8, "ratings_goal": 8, "group_size": 1, "specific_goal": 1}, "time": 1397269059, "salt": "Exp1", "event": "exposure"}
{"inputs": {"userid": 1}, "name": "Exp1", "checksum": "2b0c4cfb", "params": {"userid": 4, "ratings_per_user_goal": 16, "ratings_goal": 160, "group_size": 10, "specific_goal": 1}, "time": 1397269059, "salt": "Exp1", "event": "exposure"}
{"inputs": {"userid": 2}, "name": "Exp1", "checksum": "2b0c4cfb", "params": {"userid": 4, "ratings_per_user_goal": 64, "ratings_goal": 640, "group_size": 10, "specific_goal": 1}, "time": 1397269059, "salt": "Exp1", "event": "exposure"}
{"inputs": {"userid": 3}, "name": "Exp1", "checksum": "2b0c4cfb", "params": {"userid": 4, "ratings_per_user_goal": 16, "ratings_goal": 160, "group_size": 10, "specific_goal": 1}, "time": 1397269059, "salt": "Exp1", "event": "exposure"}
{"inputs": {"userid": 4}, "name": "Exp1", "checksum": "2b0c4cfb", "params": {"userid": 4, "ratings_per_user_goal": 8, "ratings_goal": 80, "group_size": 10, "specific_goal": 1}, "time": 1397269059, "salt": "Exp1", "event": "exposure"}
{"inputs": {"userid": 5}, "name": "Exp1", "checksum": "2b0c4cfb", "params": {"userid": 4, "group_size": 1, "specific_goal": 0}, "time": 1397269059, "salt": "Exp1", "event": "exposure"}
{"inputs": {"userid": 6}, "name": "Exp1", "checksum": "2b0c4cfb", "params": {"userid": 4, "ratings_per_user_goal": 8, "ratings_goal": 80, "group_size": 10, "specific_goal": 1}, "time": 1397269059, "salt": "Exp1", "event": "exposure"}
{"inputs": {"userid": 7}, "name": "Exp1", "checksum": "2b0c4cfb", "params": {"userid": 4, "ratings_per_user_goal": 8, "ratings_goal": 8, "group_size": 1, "specific_goal": 1}, "time": 1397269059, "salt": "Exp1", "event": "exposure"}
{"inputs": {"userid": 8}, "name": "Exp1", "checksum": "2b0c4cfb", "params": {"userid": 4, "ratings_per_user_goal": 8, "ratings_goal": 80, "group_size": 10, "specific_goal": 1}, "time": 1397269059, "salt": "Exp1", "event": "exposure"}
{"inputs": {"userid": 9}, "name": "Exp1", "checksum": "2b0c4cfb", "params": {"userid": 4, "group_size": 1, "specific_goal": 0}, "time": 1397269059, "salt": "Exp1", "event": "exposure"}
{"inputs": {"userid": 0}, "name": "Exp1", "checksum": "827b7da9", "params": {"specific_goal": 1, "userid": 4, "group_size": 1, "ratings_per_user_goal": 32}, "time": 1397269489, "salt": "Exp1", "event": "exposure"}
{"inputs": {"userid": 1}, "name": "Exp1", "checksum": "827b7da9", "params": {"specific_goal": 1, "userid": 4, "group_size": 10, "ratings_per_user_goal": 16}, "time": 1397269489, "salt": "Exp1", "event": "exposure"}
{"inputs": {"userid": 2}, "name": "Exp1", "checksum": "827b7da9", "params": {"specific_goal": 1, "userid": 4, "group_size": 10, "ratings_per_user_goal": 16}, "time": 1397269489, "salt": "Exp1", "event": "exposure"}
{"inputs": {"userid": 3}, "name": "Exp1", "checksum": "827b7da9", "params": {"specific_goal": 1, "userid": 4, "group_size": 10, "ratings_per_user_goal": 64}, "time": 1397269489, "salt": "Exp1", "event": "exposure"}
{"inputs": {"userid": 4}, "name": "Exp1", "checksum": "827b7da9", "params": {"specific_goal": 1, "userid": 4, "group_size": 10, "ratings_per_user_goal": 64}, "time": 1397269489, "salt": "Exp1", "event": "exposure"}
{"inputs": {"userid": 5}, "name": "Exp1", "checksum": "827b7da9", "params": {"userid": 4, "group_size": 1, "specific_goal": 0}, "time": 1397269489, "salt": "Exp1", "event": "exposure"}
{"inputs": {"userid": 6}, "name": "Exp1", "checksum": "827b7da9", "params": {"specific_goal": 1, "userid": 4, "group_size": 10, "ratings_per_user_goal": 128}, "time": 1397269489, "salt": "Exp1", "event": "exposure"}
{"inputs": {"userid": 7}, "name": "Exp1", "checksum": "827b7da9", "params": {"specific_goal": 1, "userid": 4, "group_size": 1, "ratings_per_user_goal": 32}, "time": 1397269489, "salt": "Exp1", "event": "exposure"}
{"inputs": {"userid": 8}, "name": "Exp1", "checksum": "827b7da9", "params": {"specific_goal": 1, "userid": 4, "group_size": 10, "ratings_per_user_goal": 32}, "time": 1397269489, "salt": "Exp1", "event": "exposure"}
{"inputs": {"userid": 9}, "name": "Exp1", "checksum": "827b7da9", "params": {"userid": 4, "group_size": 1, "specific_goal": 0}, "time": 1397269489, "salt": "Exp1", "event": "exposure"}
{"inputs": {"userid": 0}, "name": "Exp1", "checksum": "2b0c4cfb", "params": {"userid": 4, "ratings_per_user_goal": 8, "ratings_goal": 8, "group_size": 1, "specific_goal": 1}, "time": 1397269489, "salt": "Exp1", "event": "exposure"}
{"inputs": {"userid": 1}, "name": "Exp1", "checksum": "2b0c4cfb", "params": {"userid": 4, "ratings_per_user_goal": 16, "ratings_goal": 160, "group_size": 10, "specific_goal": 1}, "time": 1397269490, "salt": "Exp1", "event": "exposure"}
{"inputs": {"userid": 2}, "name": "Exp1", "checksum": "2b0c4cfb", "params": {"userid": 4, "ratings_per_user_goal": 64, "ratings_goal": 640, "group_size": 10, "specific_goal": 1}, "time": 1397269490, "salt": "Exp1", "event": "exposure"}
{"inputs": {"userid": 3}, "name": "Exp1", "checksum": "2b0c4cfb", "params": {"userid": 4, "ratings_per_user_goal": 16, "ratings_goal": 160, "group_size": 10, "specific_goal": 1}, "time": 1397269490, "salt": "Exp1", "event": "exposure"}
{"inputs": {"userid": 4}, "name": "Exp1", "checksum": "2b0c4cfb", "params": {"userid": 4, "ratings_per_user_goal": 8, "ratings_goal": 80, "group_size": 10, "specific_goal": 1}, "time": 1397269490, "salt": "Exp1", "event": "exposure"}
{"inputs": {"userid": 5}, "name": "Exp1", "checksum": "2b0c4cfb", "params": {"userid": 4, "group_size": 1, "specific_goal": 0}, "time": 1397269490, "salt": "Exp1", "event": "exposure"}
{"inputs": {"userid": 6}, "name": "Exp1", "checksum": "2b0c4cfb", "params": {"userid": 4, "ratings_per_user_goal": 8, "ratings_goal": 80, "group_size": 10, "specific_goal": 1}, "time": 1397269490, "salt": "Exp1", "event": "exposure"}
{"inputs": {"userid": 7}, "name": "Exp1", "checksum": "2b0c4cfb", "params": {"userid": 4, "ratings_per_user_goal": 8, "ratings_goal": 8, "group_size": 1, "specific_goal": 1}, "time": 1397269490, "salt": "Exp1", "event": "exposure"}
{"inputs": {"userid": 8}, "name": "Exp1", "checksum": "2b0c4cfb", "params": {"userid": 4, "ratings_per_user_goal": 8, "ratings_goal": 80, "group_size": 10, "specific_goal": 1}, "time": 1397269490, "salt": "Exp1", "event": "exposure"}
{"inputs": {"userid": 9}, "name": "Exp1", "checksum": "2b0c4cfb", "params": {"userid": 4, "group_size": 1, "specific_goal": 0}, "time": 1397269490, "salt": "Exp1", "event": "exposure"}
{"inputs": {"userid": 0}, "name": "Exp1", "checksum": "5d3ead33", "params": {"specific_goal": 1, "userid": 4, "group_size": 1, "ratings_per_user_goal": 16}, "time": 1397269714, "salt": "Exp1", "event": "exposure"}
{"inputs": {"userid": 1}, "name": "Exp1", "checksum": "5d3ead33", "params": {"specific_goal": 1, "userid": 4, "group_size": 10, "ratings_per_user_goal": 80}, "time": 1397269714, "salt": "Exp1", "event": "exposure"}
{"inputs": {"userid": 2}, "name": "Exp1", "checksum": "5d3ead33", "params": {"specific_goal": 1, "userid": 4, "group_size": 10, "ratings_per_user_goal": 80}, "time": 1397269714, "salt": "Exp1", "event": "exposure"}
{"inputs": {"userid": 3}, "name": "Exp1", "checksum": "5d3ead33", "params": {"specific_goal": 1, "userid": 4, "group_size": 10, "ratings_per_user_goal": 320}, "time": 1397269714, "salt": "Exp1", "event": "exposure"}
{"inputs": {"userid": 4}, "name": "Exp1", "checksum": "5d3ead33", "params": {"specific_goal": 1, "userid": 4, "group_size": 10, "ratings_per_user_goal": 320}, "time": 1397269714, "salt": "Exp1", "event": "exposure"}
{"inputs": {"userid": 5}, "name": "Exp1", "checksum": "5d3ead33", "params": {"userid": 4, "group_size": 1, "specific_goal": 0}, "time": 1397269714, "salt": "Exp1", "event": "exposure"}
{"inputs": {"userid": 6}, "name": "Exp1", "checksum": "5d3ead33", "params": {"specific_goal": 1, "userid": 4, "group_size": 10, "ratings_per_user_goal": 640}, "time": 1397269714, "salt": "Exp1", "event": "exposure"}
{"inputs": {"userid": 7}, "name": "Exp1", "checksum": "5d3ead33", "params": {"specific_goal": 1, "userid": 4, "group_size": 1, "ratings_per_user_goal": 16}, "time": 1397269714, "salt": "Exp1", "event": "exposure"}
{"inputs": {"userid": 8}, "name": "Exp1", "checksum": "5d3ead33", "params": {"specific_goal": 1, "userid": 4, "group_size": 10, "ratings_per_user_goal": 160}, "time": 1397269714, "salt": "Exp1", "event": "exposure"}
{"inputs": {"userid": 9}, "name": "Exp1", "checksum": "5d3ead33", "params": {"userid": 4, "group_size": 1, "specific_goal": 0}, "time": 1397269714, "salt": "Exp1", "event": "exposure"}
{"inputs": {"userid": 0}, "name": "Exp1", "checksum": "2b0c4cfb", "params": {"userid": 4, "ratings_per_user_goal": 8, "ratings_goal": 8, "group_size": 1, "specific_goal": 1}, "time": 1397269714, "salt": "Exp1", "event": "exposure"}
{"inputs": {"userid": 1}, "name": "Exp1", "checksum": "2b0c4cfb", "params": {"userid": 4, "ratings_per_user_goal": 16, "ratings_goal": 160, "group_size": 10, "specific_goal": 1}, "time": 1397269714, "salt": "Exp1", "event": "exposure"}
{"inputs": {"userid": 2}, "name": "Exp1", "checksum": "2b0c4cfb", "params": {"userid": 4, "ratings_per_user_goal": 64, "ratings_goal": 640, "group_size": 10, "specific_goal": 1}, "time": 1397269714, "salt": "Exp1", "event": "exposure"}
{"inputs": {"userid": 3}, "name": "Exp1", "checksum": "2b0c4cfb", "params": {"userid": 4, "ratings_per_user_goal": 16, "ratings_goal": 160, "group_size": 10, "specific_goal": 1}, "time": 1397269714, "salt": "Exp1", "event": "exposure"}
{"inputs": {"userid": 4}, "name": "Exp1", "checksum": "2b0c4cfb", "params": {"userid": 4, "ratings_per_user_goal": 8, "ratings_goal": 80, "group_size": 10, "specific_goal": 1}, "time": 1397269714, "salt": "Exp1", "event": "exposure"}
{"inputs": {"userid": 5}, "name": "Exp1", "checksum": "2b0c4cfb", "params": {"userid": 4, "group_size": 1, "specific_goal": 0}, "time": 1397269714, "salt": "Exp1", "event": "exposure"}
{"inputs": {"userid": 6}, "name": "Exp1", "checksum": "2b0c4cfb", "params": {"userid": 4, "ratings_per_user_goal": 8, "ratings_goal": 80, "group_size": 10, "specific_goal": 1}, "time": 1397269714, "salt": "Exp1", "event": "exposure"}
{"inputs": {"userid": 7}, "name": "Exp1", "checksum": "2b0c4cfb", "params": {"userid": 4, "ratings_per_user_goal": 8, "ratings_goal": 8, "group_size": 1, "specific_goal": 1}, "time": 1397269714, "salt": "Exp1", "event": "exposure"}
{"inputs": {"userid": 8}, "name": "Exp1", "checksum": "2b0c4cfb", "params": {"userid": 4, "ratings_per_user_goal": 8, "ratings_goal": 80, "group_size": 10, "specific_goal": 1}, "time": 1397269714, "salt": "Exp1", "event": "exposure"}
{"inputs": {"userid": 9}, "name": "Exp1", "checksum": "2b0c4cfb", "params": {"userid": 4, "group_size": 1, "specific_goal": 0}, "time": 1397269714, "salt": "Exp1", "event": "exposure"}
{"inputs": {"userid": 0}, "name": "Exp1", "checksum": "9feb45ad", "params": {"userid": 4, "specific_goal": 1, "ratings_goal": 16, "group_size": 1, "ratings_per_user_goal": 16}, "time": 1397269816, "salt": "Exp1", "event": "exposure"}
{"inputs": {"userid": 1}, "name": "Exp1", "checksum": "9feb45ad", "params": {"userid": 4, "specific_goal": 1, "ratings_goal": 80, "group_size": 10, "ratings_per_user_goal": 8}, "time": 1397269816, "salt": "Exp1", "event": "exposure"}
{"inputs": {"userid": 2}, "name": "Exp1", "checksum": "9feb45ad", "params": {"userid": 4, "specific_goal": 1, "ratings_goal": 80, "group_size": 10, "ratings_per_user_goal": 8}, "time": 1397269816, "salt": "Exp1", "event": "exposure"}
{"inputs": {"userid": 3}, "name": "Exp1", "checksum": "9feb45ad", "params": {"userid": 4, "specific_goal": 1, "ratings_goal": 320, "group_size": 10, "ratings_per_user_goal": 32}, "time": 1397269816, "salt": "Exp1", "event": "exposure"}
{"inputs": {"userid": 4}, "name": "Exp1", "checksum": "9feb45ad", "params": {"userid": 4, "specific_goal": 1, "ratings_goal": 320, "group_size": 10, "ratings_per_user_goal": 32}, "time": 1397269816, "salt": "Exp1", "event": "exposure"}
{"inputs": {"userid": 5}, "name": "Exp1", "checksum": "9feb45ad", "params": {"userid": 4, "group_size": 1, "specific_goal": 0}, "time": 1397269816, "salt": "Exp1", "event": "exposure"}
{"inputs": {"userid": 6}, "name": "Exp1", "checksum": "9feb45ad", "params": {"userid": 4, "specific_goal": 1, "ratings_goal": 640, "group_size": 10, "ratings_per_user_goal": 64}, "time": 1397269816, "salt": "Exp1", "event": "exposure"}
{"inputs": {"userid": 7}, "name": "Exp1", "checksum": "9feb45ad", "params": {"userid": 4, "specific_goal": 1, "ratings_goal": 16, "group_size": 1, "ratings_per_user_goal": 16}, "time": 1397269816, "salt": "Exp1", "event": "exposure"}
{"inputs": {"userid": 8}, "name": "Exp1", "checksum": "9feb45ad", "params": {"userid": 4, "specific_goal": 1, "ratings_goal": 160, "group_size": 10, "ratings_per_user_goal": 16}, "time": 1397269816, "salt": "Exp1", "event": "exposure"}
{"inputs": {"userid": 9}, "name": "Exp1", "checksum": "9feb45ad", "params": {"userid": 4, "group_size": 1, "specific_goal": 0}, "time": 1397269816, "salt": "Exp1", "event": "exposure"}
{"inputs": {"userid": 0}, "name": "Exp1", "checksum": "2b0c4cfb", "params": {"userid": 4, "ratings_per_user_goal": 8, "ratings_goal": 8, "group_size": 1, "specific_goal": 1}, "time": 1397269816, "salt": "Exp1", "event": "exposure"}
{"inputs": {"userid": 1}, "name": "Exp1", "checksum": "2b0c4cfb", "params": {"userid": 4, "ratings_per_user_goal": 16, "ratings_goal": 160, "group_size": 10, "specific_goal": 1}, "time": 1397269816, "salt": "Exp1", "event": "exposure"}
{"inputs": {"userid": 2}, "name": "Exp1", "checksum": "2b0c4cfb", "params": {"userid": 4, "ratings_per_user_goal": 64, "ratings_goal": 640, "group_size": 10, "specific_goal": 1}, "time": 1397269816, "salt": "Exp1", "event": "exposure"}
{"inputs": {"userid": 3}, "name": "Exp1", "checksum": "2b0c4cfb", "params": {"userid": 4, "ratings_per_user_goal": 16, "ratings_goal": 160, "group_size": 10, "specific_goal": 1}, "time": 1397269816, "salt": "Exp1", "event": "exposure"}
{"inputs": {"userid": 4}, "name": "Exp1", "checksum": "2b0c4cfb", "params": {"userid": 4, "ratings_per_user_goal": 8, "ratings_goal": 80, "group_size": 10, "specific_goal": 1}, "time": 1397269816, "salt": "Exp1", "event": "exposure"}
{"inputs": {"userid": 5}, "name": "Exp1", "checksum": "2b0c4cfb", "params": {"userid": 4, "group_size": 1, "specific_goal": 0}, "time": 1397269816, "salt": "Exp1", "event": "exposure"}
{"inputs": {"userid": 6}, "name": "Exp1", "checksum": "2b0c4cfb", "params": {"userid": 4, "ratings_per_user_goal": 8, "ratings_goal": 80, "group_size": 10, "specific_goal": 1}, "time": 1397269816, "salt": "Exp1", "event": "exposure"}
{"inputs": {"userid": 7}, "name": "Exp1", "checksum": "2b0c4cfb", "params": {"userid": 4, "ratings_per_user_goal": 8, "ratings_goal": 8, "group_size": 1, "specific_goal": 1}, "time": 1397269816, "salt": "Exp1", "event": "exposure"}
{"inputs": {"userid": 8}, "name": "Exp1", "checksum": "2b0c4cfb", "params": {"userid": 4, "ratings_per_user_goal": 8, "ratings_goal": 80, "group_size": 10, "specific_goal": 1}, "time": 1397269816, "salt": "Exp1", "event": "exposure"}
{"inputs": {"userid": 9}, "name": "Exp1", "checksum": "2b0c4cfb", "params": {"userid": 4, "group_size": 1, "specific_goal": 0}, "time": 1397269816, "salt": "Exp1", "event": "exposure"}
