{"inputs": {"liking_friends": ["a", "b", "c", "d"], "userid": 1, "pageid": 1}, "name": "Exp2", "checksum": "277ee7fc", "params": {"num_cues": 3, "friends_shown": ["a", "b", "c"]}, "time": 1397225474, "salt": "Exp2", "event": "exposure"}
{"inputs": {"liking_friends": ["a", "c", "d", "b"], "userid": 1, "pageid": 2}, "name": "Exp2", "checksum": "277ee7fc", "params": {"num_cues": 1, "friends_shown": ["a"]}, "time": 1397225474, "salt": "Exp2", "event": "exposure"}
{"inputs": {"liking_friends": ["b", "d", "c", "a"], "userid": 1, "pageid": 3}, "name": "Exp2", "checksum": "277ee7fc", "params": {"num_cues": 1, "friends_shown": ["b"]}, "time": 1397225474, "salt": "Exp2", "event": "exposure"}
{"inputs": {"liking_friends": ["c", "a", "b", "d"], "userid": 2, "pageid": 1}, "name": "Exp2", "checksum": "277ee7fc", "params": {"num_cues": 2, "friends_shown": ["c", "a"]}, "time": 1397225474, "salt": "Exp2", "event": "exposure"}
{"inputs": {"liking_friends": ["b", "c", "a", "d"], "userid": 2, "pageid": 2}, "name": "Exp2", "checksum": "277ee7fc", "params": {"num_cues": 2, "friends_shown": ["b", "c"]}, "time": 1397225474, "salt": "Exp2", "event": "exposure"}
{"inputs": {"liking_friends": ["a", "b", "c", "d"], "userid": 2, "pageid": 3}, "name": "Exp2", "checksum": "277ee7fc", "params": {"num_cues": 3, "friends_shown": ["a", "b", "c"]}, "time": 1397225474, "salt": "Exp2", "event": "exposure"}
{"inputs": {"liking_friends": ["a", "b", "c", "d"], "userid": 3, "pageid": 1}, "name": "Exp2", "checksum": "277ee7fc", "params": {"num_cues": 2, "friends_shown": ["a", "b"]}, "time": 1397225474, "salt": "Exp2", "event": "exposure"}
{"inputs": {"liking_friends": ["a", "b", "c", "d"], "userid": 3, "pageid": 2}, "name": "Exp2", "checksum": "277ee7fc", "params": {"num_cues": 3, "friends_shown": ["a", "b", "c"]}, "time": 1397225474, "salt": "Exp2", "event": "exposure"}
{"inputs": {"liking_friends": ["a", "b", "c", "d"], "userid": 3, "pageid": 3}, "name": "Exp2", "checksum": "277ee7fc", "params": {"num_cues": 3, "friends_shown": ["a", "b", "c"]}, "time": 1397225474, "salt": "Exp2", "event": "exposure"}
{"inputs": {"liking_friends": ["a", "b", "c", "d"], "userid": 1, "pageid": 1}, "name": "Exp2", "checksum": "6bb25943", "params": {"num_cues": 3, "friends_shown": ["a", "b", "c"]}, "time": 1397225474, "salt": "Exp2", "event": "exposure"}
{"inputs": {"liking_friends": ["a", "c", "d", "b"], "userid": 1, "pageid": 2}, "name": "Exp2", "checksum": "6bb25943", "params": {"num_cues": 1, "friends_shown": ["a"]}, "time": 1397225474, "salt": "Exp2", "event": "exposure"}
{"inputs": {"liking_friends": ["b", "d", "c", "a"], "userid": 1, "pageid": 3}, "name": "Exp2", "checksum": "6bb25943", "params": {"num_cues": 1, "friends_shown": ["b"]}, "time": 1397225474, "salt": "Exp2", "event": "exposure"}
{"inputs": {"liking_friends": ["c", "a", "b", "d"], "userid": 2, "pageid": 1}, "name": "Exp2", "checksum": "6bb25943", "params": {"num_cues": 2, "friends_shown": ["c", "a"]}, "time": 1397225474, "salt": "Exp2", "event": "exposure"}
{"inputs": {"liking_friends": ["b", "c", "a", "d"], "userid": 2, "pageid": 2}, "name": "Exp2", "checksum": "6bb25943", "params": {"num_cues": 2, "friends_shown": ["b", "c"]}, "time": 1397225474, "salt": "Exp2", "event": "exposure"}
{"inputs": {"liking_friends": ["a", "b", "c", "d"], "userid": 2, "pageid": 3}, "name": "Exp2", "checksum": "6bb25943", "params": {"num_cues": 3, "friends_shown": ["a", "b", "c"]}, "time": 1397225474, "salt": "Exp2", "event": "exposure"}
{"inputs": {"liking_friends": ["a", "b", "c", "d"], "userid": 3, "pageid": 1}, "name": "Exp2", "checksum": "6bb25943", "params": {"num_cues": 2, "friends_shown": ["a", "b"]}, "time": 1397225474, "salt": "Exp2", "event": "exposure"}
{"inputs": {"liking_friends": ["a", "b", "c", "d"], "userid": 3, "pageid": 2}, "name": "Exp2", "checksum": "6bb25943", "params": {"num_cues": 3, "friends_shown": ["a", "b", "c"]}, "time": 1397225474, "salt": "Exp2", "event": "exposure"}
{"inputs": {"liking_friends": ["a", "b", "c", "d"], "userid": 3, "pageid": 3}, "name": "Exp2", "checksum": "6bb25943", "params": {"num_cues": 3, "friends_shown": ["a", "b", "c"]}, "time": 1397225474, "salt": "Exp2", "event": "exposure"}
{"inputs": {"liking_friends": ["a", "b", "c", "d"], "userid": 1, "pageid": 1}, "name": "Exp2", "checksum": "277ee7fc", "params": {"num_cues": 3, "friends_shown": ["a", "b", "c"]}, "time": 1397225569, "salt": "Exp2", "event": "exposure"}
{"inputs": {"liking_friends": ["a", "c", "d", "b"], "userid": 1, "pageid": 2}, "name": "Exp2", "checksum": "277ee7fc", "params": {"num_cues": 1, "friends_shown": ["a"]}, "time": 1397225569, "salt": "Exp2", "event": "exposure"}
{"inputs": {"liking_friends": ["b", "d", "c", "a"], "userid": 1, "pageid": 3}, "name": "Exp2", "checksum": "277ee7fc", "params": {"num_cues": 1, "friends_shown": ["b"]}, "time": 1397225569, "salt": "Exp2", "event": "exposure"}
{"inputs": {"liking_friends": ["c", "a", "b", "d"], "userid": 2, "pageid": 1}, "name": "Exp2", "checksum": "277ee7fc", "params": {"num_cues": 2, "friends_shown": ["c", "a"]}, "time": 1397225569, "salt": "Exp2", "event": "exposure"}
{"inputs": {"liking_friends": ["b", "c", "a", "d"], "userid": 2, "pageid": 2}, "name": "Exp2", "checksum": "277ee7fc", "params": {"num_cues": 2, "friends_shown": ["b", "c"]}, "time": 1397225569, "salt": "Exp2", "event": "exposure"}
{"inputs": {"liking_friends": ["a", "b", "c", "d"], "userid": 2, "pageid": 3}, "name": "Exp2", "checksum": "277ee7fc", "params": {"num_cues": 3, "friends_shown": ["a", "b", "c"]}, "time": 1397225569, "salt": "Exp2", "event": "exposure"}
{"inputs": {"liking_friends": ["a", "b", "c", "d"], "userid": 3, "pageid": 1}, "name": "Exp2", "checksum": "277ee7fc", "params": {"num_cues": 2, "friends_shown": ["a", "b"]}, "time": 1397225569, "salt": "Exp2", "event": "exposure"}
{"inputs": {"liking_friends": ["a", "b", "c", "d"], "userid": 3, "pageid": 2}, "name": "Exp2", "checksum": "277ee7fc", "params": {"num_cues": 3, "friends_shown": ["a", "b", "c"]}, "time": 1397225569, "salt": "Exp2", "event": "exposure"}
{"inputs": {"liking_friends": ["a", "b", "c", "d"], "userid": 3, "pageid": 3}, "name": "Exp2", "checksum": "277ee7fc", "params": {"num_cues": 3, "friends_shown": ["a", "b", "c"]}, "time": 1397225569, "salt": "Exp2", "event": "exposure"}
{"inputs": {"liking_friends": ["a", "b", "c", "d"], "userid": 1, "pageid": 1}, "name": "Exp2", "checksum": "6bb25943", "params": {"num_cues": 3, "friends_shown": ["a", "b", "c"]}, "time": 1397225569, "salt": "Exp2", "event": "exposure"}
{"inputs": {"liking_friends": ["a", "c", "d", "b"], "userid": 1, "pageid": 2}, "name": "Exp2", "checksum": "6bb25943", "params": {"num_cues": 1, "friends_shown": ["a"]}, "time": 1397225569, "salt": "Exp2", "event": "exposure"}
{"inputs": {"liking_friends": ["b", "d", "c", "a"], "userid": 1, "pageid": 3}, "name": "Exp2", "checksum": "6bb25943", "params": {"num_cues": 1, "friends_shown": ["b"]}, "time": 1397225569, "salt": "Exp2", "event": "exposure"}
{"inputs": {"liking_friends": ["c", "a", "b", "d"], "userid": 2, "pageid": 1}, "name": "Exp2", "checksum": "6bb25943", "params": {"num_cues": 2, "friends_shown": ["c", "a"]}, "time": 1397225569, "salt": "Exp2", "event": "exposure"}
{"inputs": {"liking_friends": ["b", "c", "a", "d"], "userid": 2, "pageid": 2}, "name": "Exp2", "checksum": "6bb25943", "params": {"num_cues": 2, "friends_shown": ["b", "c"]}, "time": 1397225569, "salt": "Exp2", "event": "exposure"}
{"inputs": {"liking_friends": ["a", "b", "c", "d"], "userid": 2, "pageid": 3}, "name": "Exp2", "checksum": "6bb25943", "params": {"num_cues": 3, "friends_shown": ["a", "b", "c"]}, "time": 1397225569, "salt": "Exp2", "event": "exposure"}
{"inputs": {"liking_friends": ["a", "b", "c", "d"], "userid": 3, "pageid": 1}, "name": "Exp2", "checksum": "6bb25943", "params": {"num_cues": 2, "friends_shown": ["a", "b"]}, "time": 1397225569, "salt": "Exp2", "event": "exposure"}
{"inputs": {"liking_friends": ["a", "b", "c", "d"], "userid": 3, "pageid": 2}, "name": "Exp2", "checksum": "6bb25943", "params": {"num_cues": 3, "friends_shown": ["a", "b", "c"]}, "time": 1397225569, "salt": "Exp2", "event": "exposure"}
{"inputs": {"liking_friends": ["a", "b", "c", "d"], "userid": 3, "pageid": 3}, "name": "Exp2", "checksum": "6bb25943", "params": {"num_cues": 3, "friends_shown": ["a", "b", "c"]}, "time": 1397225569, "salt": "Exp2", "event": "exposure"}
{"inputs": {"liking_friends": ["a", "b", "c", "d"], "userid": 1, "pageid": 1}, "name": "Exp2", "checksum": "277ee7fc", "params": {"num_cues": 3, "friends_shown": ["a", "b", "c"]}, "time": 1397225716, "salt": "Exp2", "event": "exposure"}
{"inputs": {"liking_friends": ["a", "c", "d", "b"], "userid": 1, "pageid": 2}, "name": "Exp2", "checksum": "277ee7fc", "params": {"num_cues": 1, "friends_shown": ["a"]}, "time": 1397225716, "salt": "Exp2", "event": "exposure"}
{"inputs": {"liking_friends": ["b", "d", "c", "a"], "userid": 1, "pageid": 3}, "name": "Exp2", "checksum": "277ee7fc", "params": {"num_cues": 1, "friends_shown": ["b"]}, "time": 1397225716, "salt": "Exp2", "event": "exposure"}
{"inputs": {"liking_friends": ["c", "a", "b", "d"], "userid": 2, "pageid": 1}, "name": "Exp2", "checksum": "277ee7fc", "params": {"num_cues": 2, "friends_shown": ["c", "a"]}, "time": 1397225716, "salt": "Exp2", "event": "exposure"}
{"inputs": {"liking_friends": ["b", "c", "a", "d"], "userid": 2, "pageid": 2}, "name": "Exp2", "checksum": "277ee7fc", "params": {"num_cues": 2, "friends_shown": ["b", "c"]}, "time": 1397225716, "salt": "Exp2", "event": "exposure"}
{"inputs": {"liking_friends": ["a", "b", "c", "d"], "userid": 2, "pageid": 3}, "name": "Exp2", "checksum": "277ee7fc", "params": {"num_cues": 3, "friends_shown": ["a", "b", "c"]}, "time": 1397225716, "salt": "Exp2", "event": "exposure"}
{"inputs": {"liking_friends": ["a", "b", "c", "d"], "userid": 3, "pageid": 1}, "name": "Exp2", "checksum": "277ee7fc", "params": {"num_cues": 2, "friends_shown": ["a", "b"]}, "time": 1397225716, "salt": "Exp2", "event": "exposure"}
{"inputs": {"liking_friends": ["a", "b", "c", "d"], "userid": 3, "pageid": 2}, "name": "Exp2", "checksum": "277ee7fc", "params": {"num_cues": 3, "friends_shown": ["a", "b", "c"]}, "time": 1397225716, "salt": "Exp2", "event": "exposure"}
{"inputs": {"liking_friends": ["a", "b", "c", "d"], "userid": 3, "pageid": 3}, "name": "Exp2", "checksum": "277ee7fc", "params": {"num_cues": 3, "friends_shown": ["a", "b", "c"]}, "time": 1397225716, "salt": "Exp2", "event": "exposure"}
{"inputs": {"liking_friends": ["a", "b", "c", "d"], "userid": 1, "pageid": 1}, "name": "Exp2", "checksum": "6bb25943", "params": {"num_cues": 3, "friends_shown": ["a", "b", "c"]}, "time": 1397225716, "salt": "Exp2", "event": "exposure"}
{"inputs": {"liking_friends": ["a", "c", "d", "b"], "userid": 1, "pageid": 2}, "name": "Exp2", "checksum": "6bb25943", "params": {"num_cues": 1, "friends_shown": ["a"]}, "time": 1397225716, "salt": "Exp2", "event": "exposure"}
{"inputs": {"liking_friends": ["b", "d", "c", "a"], "userid": 1, "pageid": 3}, "name": "Exp2", "checksum": "6bb25943", "params": {"num_cues": 1, "friends_shown": ["b"]}, "time": 1397225716, "salt": "Exp2", "event": "exposure"}
{"inputs": {"liking_friends": ["c", "a", "b", "d"], "userid": 2, "pageid": 1}, "name": "Exp2", "checksum": "6bb25943", "params": {"num_cues": 2, "friends_shown": ["c", "a"]}, "time": 1397225716, "salt": "Exp2", "event": "exposure"}
{"inputs": {"liking_friends": ["b", "c", "a", "d"], "userid": 2, "pageid": 2}, "name": "Exp2", "checksum": "6bb25943", "params": {"num_cues": 2, "friends_shown": ["b", "c"]}, "time": 1397225716, "salt": "Exp2", "event": "exposure"}
{"inputs": {"liking_friends": ["a", "b", "c", "d"], "userid": 2, "pageid": 3}, "name": "Exp2", "checksum": "6bb25943", "params": {"num_cues": 3, "friends_shown": ["a", "b", "c"]}, "time": 1397225716, "salt": "Exp2", "event": "exposure"}
{"inputs": {"liking_friends": ["a", "b", "c", "d"], "userid": 3, "pageid": 1}, "name": "Exp2", "checksum": "6bb25943", "params": {"num_cues": 2, "friends_shown": ["a", "b"]}, "time": 1397225716, "salt": "Exp2", "event": "exposure"}
{"inputs": {"liking_friends": ["a", "b", "c", "d"], "userid": 3, "pageid": 2}, "name": "Exp2", "checksum": "6bb25943", "params": {"num_cues": 3, "friends_shown": ["a", "b", "c"]}, "time": 1397225716, "salt": "Exp2", "event": "exposure"}
{"inputs": {"liking_friends": ["a", "b", "c", "d"], "userid": 3, "pageid": 3}, "name": "Exp2", "checksum": "6bb25943", "params": {"num_cues": 3, "friends_shown": ["a", "b", "c"]}, "time": 1397225716, "salt": "Exp2", "event": "exposure"}
{"inputs": {"liking_friends": ["a", "b", "c", "d"], "userid": 1, "pageid": 1}, "name": "Exp2", "checksum": "277ee7fc", "params": {"num_cues": 3, "friends_shown": ["a", "b", "c"]}, "time": 1397226005, "salt": "Exp2", "event": "exposure"}
{"inputs": {"liking_friends": ["a", "c", "d", "b"], "userid": 1, "pageid": 2}, "name": "Exp2", "checksum": "277ee7fc", "params": {"num_cues": 1, "friends_shown": ["a"]}, "time": 1397226005, "salt": "Exp2", "event": "exposure"}
{"inputs": {"liking_friends": ["b", "d", "c", "a"], "userid": 1, "pageid": 3}, "name": "Exp2", "checksum": "277ee7fc", "params": {"num_cues": 1, "friends_shown": ["b"]}, "time": 1397226005, "salt": "Exp2", "event": "exposure"}
{"inputs": {"liking_friends": ["c", "a", "b", "d"], "userid": 2, "pageid": 1}, "name": "Exp2", "checksum": "277ee7fc", "params": {"num_cues": 2, "friends_shown": ["c", "a"]}, "time": 1397226005, "salt": "Exp2", "event": "exposure"}
{"inputs": {"liking_friends": ["b", "c", "a", "d"], "userid": 2, "pageid": 2}, "name": "Exp2", "checksum": "277ee7fc", "params": {"num_cues": 2, "friends_shown": ["b", "c"]}, "time": 1397226005, "salt": "Exp2", "event": "exposure"}
{"inputs": {"liking_friends": ["a", "b", "c", "d"], "userid": 2, "pageid": 3}, "name": "Exp2", "checksum": "277ee7fc", "params": {"num_cues": 3, "friends_shown": ["a", "b", "c"]}, "time": 1397226005, "salt": "Exp2", "event": "exposure"}
{"inputs": {"liking_friends": ["a", "b", "c", "d"], "userid": 3, "pageid": 1}, "name": "Exp2", "checksum": "277ee7fc", "params": {"num_cues": 2, "friends_shown": ["a", "b"]}, "time": 1397226005, "salt": "Exp2", "event": "exposure"}
{"inputs": {"liking_friends": ["a", "b", "c", "d"], "userid": 3, "pageid": 2}, "name": "Exp2", "checksum": "277ee7fc", "params": {"num_cues": 3, "friends_shown": ["a", "b", "c"]}, "time": 1397226005, "salt": "Exp2", "event": "exposure"}
{"inputs": {"liking_friends": ["a", "b", "c", "d"], "userid": 3, "pageid": 3}, "name": "Exp2", "checksum": "277ee7fc", "params": {"num_cues": 3, "friends_shown": ["a", "b", "c"]}, "time": 1397226005, "salt": "Exp2", "event": "exposure"}
{"inputs": {"liking_friends": ["a", "b", "c", "d"], "userid": 1, "pageid": 1}, "name": "Exp2", "checksum": "6bb25943", "params": {"num_cues": 3, "friends_shown": ["a", "b", "c"]}, "time": 1397226005, "salt": "Exp2", "event": "exposure"}
{"inputs": {"liking_friends": ["a", "c", "d", "b"], "userid": 1, "pageid": 2}, "name": "Exp2", "checksum": "6bb25943", "params": {"num_cues": 1, "friends_shown": ["a"]}, "time": 1397226005, "salt": "Exp2", "event": "exposure"}
{"inputs": {"liking_friends": ["b", "d", "c", "a"], "userid": 1, "pageid": 3}, "name": "Exp2", "checksum": "6bb25943", "params": {"num_cues": 1, "friends_shown": ["b"]}, "time": 1397226005, "salt": "Exp2", "event": "exposure"}
{"inputs": {"liking_friends": ["c", "a", "b", "d"], "userid": 2, "pageid": 1}, "name": "Exp2", "checksum": "6bb25943", "params": {"num_cues": 2, "friends_shown": ["c", "a"]}, "time": 1397226005, "salt": "Exp2", "event": "exposure"}
{"inputs": {"liking_friends": ["b", "c", "a", "d"], "userid": 2, "pageid": 2}, "name": "Exp2", "checksum": "6bb25943", "params": {"num_cues": 2, "friends_shown": ["b", "c"]}, "time": 1397226005, "salt": "Exp2", "event": "exposure"}
{"inputs": {"liking_friends": ["a", "b", "c", "d"], "userid": 2, "pageid": 3}, "name": "Exp2", "checksum": "6bb25943", "params": {"num_cues": 3, "friends_shown": ["a", "b", "c"]}, "time": 1397226005, "salt": "Exp2", "event": "exposure"}
{"inputs": {"liking_friends": ["a", "b", "c", "d"], "userid": 3, "pageid": 1}, "name": "Exp2", "checksum": "6bb25943", "params": {"num_cues": 2, "friends_shown": ["a", "b"]}, "time": 1397226005, "salt": "Exp2", "event": "exposure"}
{"inputs": {"liking_friends": ["a", "b", "c", "d"], "userid": 3, "pageid": 2}, "name": "Exp2", "checksum": "6bb25943", "params": {"num_cues": 3, "friends_shown": ["a", "b", "c"]}, "time": 1397226005, "salt": "Exp2", "event": "exposure"}
{"inputs": {"liking_friends": ["a", "b", "c", "d"], "userid": 3, "pageid": 3}, "name": "Exp2", "checksum": "6bb25943", "params": {"num_cues": 3, "friends_shown": ["a", "b", "c"]}, "time": 1397226005, "salt": "Exp2", "event": "exposure"}
{"inputs": {"liking_friends": ["a", "b", "c", "d"], "userid": 1, "pageid": 1}, "name": "Exp2", "checksum": "277ee7fc", "params": {"num_cues": 3, "friends_shown": ["a", "d", "c"]}, "time": 1397268823, "salt": "Exp2", "event": "exposure"}
{"inputs": {"liking_friends": ["a", "b", "c", "d"], "userid": 1, "pageid": 2}, "name": "Exp2", "checksum": "277ee7fc", "params": {"num_cues": 1, "friends_shown": ["a"]}, "time": 1397268823, "salt": "Exp2", "event": "exposure"}
{"inputs": {"liking_friends": ["a", "b", "c", "d"], "userid": 1, "pageid": 3}, "name": "Exp2", "checksum": "277ee7fc", "params": {"num_cues": 1, "friends_shown": ["d"]}, "time": 1397268823, "salt": "Exp2", "event": "exposure"}
{"inputs": {"liking_friends": ["a", "b", "c", "d"], "userid": 2, "pageid": 1}, "name": "Exp2", "checksum": "277ee7fc", "params": {"num_cues": 2, "friends_shown": ["b", "c"]}, "time": 1397268823, "salt": "Exp2", "event": "exposure"}
{"inputs": {"liking_friends": ["a", "b", "c", "d"], "userid": 2, "pageid": 2}, "name": "Exp2", "checksum": "277ee7fc", "params": {"num_cues": 2, "friends_shown": ["c", "a"]}, "time": 1397268823, "salt": "Exp2", "event": "exposure"}
{"inputs": {"liking_friends": ["a", "b", "c", "d"], "userid": 2, "pageid": 3}, "name": "Exp2", "checksum": "277ee7fc", "params": {"num_cues": 3, "friends_shown": ["b", "a", "c"]}, "time": 1397268823, "salt": "Exp2", "event": "exposure"}
{"inputs": {"liking_friends": ["a", "b", "c", "d"], "userid": 3, "pageid": 1}, "name": "Exp2", "checksum": "277ee7fc", "params": {"num_cues": 2, "friends_shown": ["d", "c"]}, "time": 1397268823, "salt": "Exp2", "event": "exposure"}
{"inputs": {"liking_friends": ["a", "b", "c", "d"], "userid": 3, "pageid": 2}, "name": "Exp2", "checksum": "277ee7fc", "params": {"num_cues": 3, "friends_shown": ["d", "c", "b"]}, "time": 1397268823, "salt": "Exp2", "event": "exposure"}
{"inputs": {"liking_friends": ["a", "b", "c", "d"], "userid": 3, "pageid": 3}, "name": "Exp2", "checksum": "277ee7fc", "params": {"num_cues": 3, "friends_shown": ["a", "c", "b"]}, "time": 1397268823, "salt": "Exp2", "event": "exposure"}
{"inputs": {"liking_friends": ["a", "b", "c", "d"], "userid": 1, "pageid": 1}, "name": "Exp2", "checksum": "6bb25943", "params": {"num_cues": 3, "friends_shown": ["a", "b", "c"]}, "time": 1397268823, "salt": "Exp2", "event": "exposure"}
{"inputs": {"liking_friends": ["a", "c", "d", "b"], "userid": 1, "pageid": 2}, "name": "Exp2", "checksum": "6bb25943", "params": {"num_cues": 1, "friends_shown": ["a"]}, "time": 1397268823, "salt": "Exp2", "event": "exposure"}
{"inputs": {"liking_friends": ["b", "d", "c", "a"], "userid": 1, "pageid": 3}, "name": "Exp2", "checksum": "6bb25943", "params": {"num_cues": 1, "friends_shown": ["b"]}, "time": 1397268823, "salt": "Exp2", "event": "exposure"}
{"inputs": {"liking_friends": ["c", "a", "b", "d"], "userid": 2, "pageid": 1}, "name": "Exp2", "checksum": "6bb25943", "params": {"num_cues": 2, "friends_shown": ["c", "a"]}, "time": 1397268823, "salt": "Exp2", "event": "exposure"}
{"inputs": {"liking_friends": ["b", "c", "a", "d"], "userid": 2, "pageid": 2}, "name": "Exp2", "checksum": "6bb25943", "params": {"num_cues": 2, "friends_shown": ["b", "c"]}, "time": 1397268823, "salt": "Exp2", "event": "exposure"}
{"inputs": {"liking_friends": ["a", "b", "c", "d"], "userid": 2, "pageid": 3}, "name": "Exp2", "checksum": "6bb25943", "params": {"num_cues": 3, "friends_shown": ["a", "b", "c"]}, "time": 1397268823, "salt": "Exp2", "event": "exposure"}
{"inputs": {"liking_friends": ["a", "b", "c", "d"], "userid": 3, "pageid": 1}, "name": "Exp2", "checksum": "6bb25943", "params": {"num_cues": 2, "friends_shown": ["a", "b"]}, "time": 1397268823, "salt": "Exp2", "event": "exposure"}
{"inputs": {"liking_friends": ["a", "b", "c", "d"], "userid": 3, "pageid": 2}, "name": "Exp2", "checksum": "6bb25943", "params": {"num_cues": 3, "friends_shown": ["a", "b", "c"]}, "time": 1397268823, "salt": "Exp2", "event": "exposure"}
{"inputs": {"liking_friends": ["a", "b", "c", "d"], "userid": 3, "pageid": 3}, "name": "Exp2", "checksum": "6bb25943", "params": {"num_cues": 3, "friends_shown": ["a", "b", "c"]}, "time": 1397268823, "salt": "Exp2", "event": "exposure"}
{"inputs": {"liking_friends": ["a", "b", "c", "d"], "userid": 1, "pageid": 1}, "name": "Exp2", "checksum": "277ee7fc", "params": {"num_cues": 3, "friends_shown": ["a", "d", "c"]}, "time": 1397269059, "salt": "Exp2", "event": "exposure"}
{"inputs": {"liking_friends": ["a", "b", "c", "d"], "userid": 1, "pageid": 2}, "name": "Exp2", "checksum": "277ee7fc", "params": {"num_cues": 1, "friends_shown": ["a"]}, "time": 1397269059, "salt": "Exp2", "event": "exposure"}
{"inputs": {"liking_friends": ["a", "b", "c", "d"], "userid": 1, "pageid": 3}, "name": "Exp2", "checksum": "277ee7fc", "params": {"num_cues": 1, "friends_shown": ["d"]}, "time": 1397269059, "salt": "Exp2", "event": "exposure"}
{"inputs": {"liking_friends": ["a", "b", "c", "d"], "userid": 2, "pageid": 1}, "name": "Exp2", "checksum": "277ee7fc", "params": {"num_cues": 2, "friends_shown": ["b", "c"]}, "time": 1397269059, "salt": "Exp2", "event": "exposure"}
{"inputs": {"liking_friends": ["a", "b", "c", "d"], "userid": 2, "pageid": 2}, "name": "Exp2", "checksum": "277ee7fc", "params": {"num_cues": 2, "friends_shown": ["c", "a"]}, "time": 1397269059, "salt": "Exp2", "event": "exposure"}
{"inputs": {"liking_friends": ["a", "b", "c", "d"], "userid": 2, "pageid": 3}, "name": "Exp2", "checksum": "277ee7fc", "params": {"num_cues": 3, "friends_shown": ["b", "a", "c"]}, "time": 1397269059, "salt": "Exp2", "event": "exposure"}
{"inputs": {"liking_friends": ["a", "b", "c", "d"], "userid": 3, "pageid": 1}, "name": "Exp2", "checksum": "277ee7fc", "params": {"num_cues": 2, "friends_shown": ["d", "c"]}, "time": 1397269059, "salt": "Exp2", "event": "exposure"}
{"inputs": {"liking_friends": ["a", "b", "c", "d"], "userid": 3, "pageid": 2}, "name": "Exp2", "checksum": "277ee7fc", "params": {"num_cues": 3, "friends_shown": ["d", "c", "b"]}, "time": 1397269059, "salt": "Exp2", "event": "exposure"}
{"inputs": {"liking_friends": ["a", "b", "c", "d"], "userid": 3, "pageid": 3}, "name": "Exp2", "checksum": "277ee7fc", "params": {"num_cues": 3, "friends_shown": ["a", "c", "b"]}, "time": 1397269059, "salt": "Exp2", "event": "exposure"}
{"inputs": {"liking_friends": ["a", "b", "c", "d"], "userid": 1, "pageid": 1}, "name": "Exp2", "checksum": "6bb25943", "params": {"num_cues": 3, "friends_shown": ["a", "b", "c"]}, "time": 1397269059, "salt": "Exp2", "event": "exposure"}
{"inputs": {"liking_friends": ["a", "c", "d", "b"], "userid": 1, "pageid": 2}, "name": "Exp2", "checksum": "6bb25943", "params": {"num_cues": 1, "friends_shown": ["a"]}, "time": 1397269059, "salt": "Exp2", "event": "exposure"}
{"inputs": {"liking_friends": ["b", "d", "c", "a"], "userid": 1, "pageid": 3}, "name": "Exp2", "checksum": "6bb25943", "params": {"num_cues": 1, "friends_shown": ["b"]}, "time": 1397269059, "salt": "Exp2", "event": "exposure"}
{"inputs": {"liking_friends": ["c", "a", "b", "d"], "userid": 2, "pageid": 1}, "name": "Exp2", "checksum": "6bb25943", "params": {"num_cues": 2, "friends_shown": ["c", "a"]}, "time": 1397269059, "salt": "Exp2", "event": "exposure"}
{"inputs": {"liking_friends": ["b", "c", "a", "d"], "userid": 2, "pageid": 2}, "name": "Exp2", "checksum": "6bb25943", "params": {"num_cues": 2, "friends_shown": ["b", "c"]}, "time": 1397269059, "salt": "Exp2", "event": "exposure"}
{"inputs": {"liking_friends": ["a", "b", "c", "d"], "userid": 2, "pageid": 3}, "name": "Exp2", "checksum": "6bb25943", "params": {"num_cues": 3, "friends_shown": ["a", "b", "c"]}, "time": 1397269059, "salt": "Exp2", "event": "exposure"}
{"inputs": {"liking_friends": ["a", "b", "c", "d"], "userid": 3, "pageid": 1}, "name": "Exp2", "checksum": "6bb25943", "params": {"num_cues": 2, "friends_shown": ["a", "b"]}, "time": 1397269059, "salt": "Exp2", "event": "exposure"}
{"inputs": {"liking_friends": ["a", "b", "c", "d"], "userid": 3, "pageid": 2}, "name": "Exp2", "checksum": "6bb25943", "params": {"num_cues": 3, "friends_shown": ["a", "b", "c"]}, "time": 1397269059, "salt": "Exp2", "event": "exposure"}
{"inputs": {"liking_friends": ["a", "b", "c", "d"], "userid": 3, "pageid": 3}, "name": "Exp2", "checksum": "6bb25943", "params": {"num_cues": 3, "friends_shown": ["a", "b", "c"]}, "time": 1397269059, "salt": "Exp2", "event": "exposure"}
{"inputs": {"liking_friends": ["a", "b", "c", "d"], "userid": 1, "pageid": 1}, "name": "Exp2", "checksum": "277ee7fc", "params": {"num_cues": 3, "friends_shown": ["a", "d", "c"]}, "time": 1397269490, "salt": "Exp2", "event": "exposure"}
{"inputs": {"liking_friends": ["a", "b", "c", "d"], "userid": 1, "pageid": 2}, "name": "Exp2", "checksum": "277ee7fc", "params": {"num_cues": 1, "friends_shown": ["a"]}, "time": 1397269490, "salt": "Exp2", "event": "exposure"}
{"inputs": {"liking_friends": ["a", "b", "c", "d"], "userid": 1, "pageid": 3}, "name": "Exp2", "checksum": "277ee7fc", "params": {"num_cues": 1, "friends_shown": ["d"]}, "time": 1397269490, "salt": "Exp2", "event": "exposure"}
{"inputs": {"liking_friends": ["a", "b", "c", "d"], "userid": 2, "pageid": 1}, "name": "Exp2", "checksum": "277ee7fc", "params": {"num_cues": 2, "friends_shown": ["b", "c"]}, "time": 1397269490, "salt": "Exp2", "event": "exposure"}
{"inputs": {"liking_friends": ["a", "b", "c", "d"], "userid": 2, "pageid": 2}, "name": "Exp2", "checksum": "277ee7fc", "params": {"num_cues": 2, "friends_shown": ["c", "a"]}, "time": 1397269490, "salt": "Exp2", "event": "exposure"}
{"inputs": {"liking_friends": ["a", "b", "c", "d"], "userid": 2, "pageid": 3}, "name": "Exp2", "checksum": "277ee7fc", "params": {"num_cues": 3, "friends_shown": ["b", "a", "c"]}, "time": 1397269490, "salt": "Exp2", "event": "exposure"}
{"inputs": {"liking_friends": ["a", "b", "c", "d"], "userid": 3, "pageid": 1}, "name": "Exp2", "checksum": "277ee7fc", "params": {"num_cues": 2, "friends_shown": ["d", "c"]}, "time": 1397269490, "salt": "Exp2", "event": "exposure"}
{"inputs": {"liking_friends": ["a", "b", "c", "d"], "userid": 3, "pageid": 2}, "name": "Exp2", "checksum": "277ee7fc", "params": {"num_cues": 3, "friends_shown": ["d", "c", "b"]}, "time": 1397269490, "salt": "Exp2", "event": "exposure"}
{"inputs": {"liking_friends": ["a", "b", "c", "d"], "userid": 3, "pageid": 3}, "name": "Exp2", "checksum": "277ee7fc", "params": {"num_cues": 3, "friends_shown": ["a", "c", "b"]}, "time": 1397269490, "salt": "Exp2", "event": "exposure"}
{"inputs": {"liking_friends": ["a", "b", "c", "d"], "userid": 1, "pageid": 1}, "name": "Exp2", "checksum": "6bb25943", "params": {"num_cues": 3, "friends_shown": ["a", "b", "c"]}, "time": 1397269490, "salt": "Exp2", "event": "exposure"}
{"inputs": {"liking_friends": ["a", "c", "d", "b"], "userid": 1, "pageid": 2}, "name": "Exp2", "checksum": "6bb25943", "params": {"num_cues": 1, "friends_shown": ["a"]}, "time": 1397269490, "salt": "Exp2", "event": "exposure"}
{"inputs": {"liking_friends": ["b", "d", "c", "a"], "userid": 1, "pageid": 3}, "name": "Exp2", "checksum": "6bb25943", "params": {"num_cues": 1, "friends_shown": ["b"]}, "time": 1397269490, "salt": "Exp2", "event": "exposure"}
{"inputs": {"liking_friends": ["c", "a", "b", "d"], "userid": 2, "pageid": 1}, "name": "Exp2", "checksum": "6bb25943", "params": {"num_cues": 2, "friends_shown": ["c", "a"]}, "time": 1397269490, "salt": "Exp2", "event": "exposure"}
{"inputs": {"liking_friends": ["b", "c", "a", "d"], "userid": 2, "pageid": 2}, "name": "Exp2", "checksum": "6bb25943", "params": {"num_cues": 2, "friends_shown": ["b", "c"]}, "time": 1397269490, "salt": "Exp2", "event": "exposure"}
{"inputs": {"liking_friends": ["a", "b", "c", "d"], "userid": 2, "pageid": 3}, "name": "Exp2", "checksum": "6bb25943", "params": {"num_cues": 3, "friends_shown": ["a", "b", "c"]}, "time": 1397269490, "salt": "Exp2", "event": "exposure"}
{"inputs": {"liking_friends": ["a", "b", "c", "d"], "userid": 3, "pageid": 1}, "name": "Exp2", "checksum": "6bb25943", "params": {"num_cues": 2, "friends_shown": ["a", "b"]}, "time": 1397269490, "salt": "Exp2", "event": "exposure"}
{"inputs": {"liking_friends": ["a", "b", "c", "d"], "userid": 3, "pageid": 2}, "name": "Exp2", "checksum": "6bb25943", "params": {"num_cues": 3, "friends_shown": ["a", "b", "c"]}, "time": 1397269490, "salt": "Exp2", "event": "exposure"}
{"inputs": {"liking_friends": ["a", "b", "c", "d"], "userid": 3, "pageid": 3}, "name": "Exp2", "checksum": "6bb25943", "params": {"num_cues": 3, "friends_shown": ["a", "b", "c"]}, "time": 1397269490, "salt": "Exp2", "event": "exposure"}
{"inputs": {"liking_friends": ["a", "b", "c", "d"], "userid": 1, "pageid": 1}, "name": "Exp2", "checksum": "277ee7fc", "params": {"num_cues": 3, "friends_shown": ["a", "d", "c"]}, "time": 1397269714, "salt": "Exp2", "event": "exposure"}
{"inputs": {"liking_friends": ["a", "b", "c", "d"], "userid": 1, "pageid": 2}, "name": "Exp2", "checksum": "277ee7fc", "params": {"num_cues": 1, "friends_shown": ["a"]}, "time": 1397269714, "salt": "Exp2", "event": "exposure"}
{"inputs": {"liking_friends": ["a", "b", "c", "d"], "userid": 1, "pageid": 3}, "name": "Exp2", "checksum": "277ee7fc", "params": {"num_cues": 1, "friends_shown": ["d"]}, "time": 1397269714, "salt": "Exp2", "event": "exposure"}
{"inputs": {"liking_friends": ["a", "b", "c", "d"], "userid": 2, "pageid": 1}, "name": "Exp2", "checksum": "277ee7fc", "params": {"num_cues": 2, "friends_shown": ["b", "c"]}, "time": 1397269714, "salt": "Exp2", "event": "exposure"}
{"inputs": {"liking_friends": ["a", "b", "c", "d"], "userid": 2, "pageid": 2}, "name": "Exp2", "checksum": "277ee7fc", "params": {"num_cues": 2, "friends_shown": ["c", "a"]}, "time": 1397269714, "salt": "Exp2", "event": "exposure"}
{"inputs": {"liking_friends": ["a", "b", "c", "d"], "userid": 2, "pageid": 3}, "name": "Exp2", "checksum": "277ee7fc", "params": {"num_cues": 3, "friends_shown": ["b", "a", "c"]}, "time": 1397269714, "salt": "Exp2", "event": "exposure"}
{"inputs": {"liking_friends": ["a", "b", "c", "d"], "userid": 3, "pageid": 1}, "name": "Exp2", "checksum": "277ee7fc", "params": {"num_cues": 2, "friends_shown": ["d", "c"]}, "time": 1397269714, "salt": "Exp2", "event": "exposure"}
{"inputs": {"liking_friends": ["a", "b", "c", "d"], "userid": 3, "pageid": 2}, "name": "Exp2", "checksum": "277ee7fc", "params": {"num_cues": 3, "friends_shown": ["d", "c", "b"]}, "time": 1397269714, "salt": "Exp2", "event": "exposure"}
{"inputs": {"liking_friends": ["a", "b", "c", "d"], "userid": 3, "pageid": 3}, "name": "Exp2", "checksum": "277ee7fc", "params": {"num_cues": 3, "friends_shown": ["a", "c", "b"]}, "time": 1397269714, "salt": "Exp2", "event": "exposure"}
{"inputs": {"liking_friends": ["a", "b", "c", "d"], "userid": 1, "pageid": 1}, "name": "Exp2", "checksum": "6bb25943", "params": {"num_cues": 3, "friends_shown": ["a", "b", "c"]}, "time": 1397269714, "salt": "Exp2", "event": "exposure"}
{"inputs": {"liking_friends": ["a", "c", "d", "b"], "userid": 1, "pageid": 2}, "name": "Exp2", "checksum": "6bb25943", "params": {"num_cues": 1, "friends_shown": ["a"]}, "time": 1397269714, "salt": "Exp2", "event": "exposure"}
{"inputs": {"liking_friends": ["b", "d", "c", "a"], "userid": 1, "pageid": 3}, "name": "Exp2", "checksum": "6bb25943", "params": {"num_cues": 1, "friends_shown": ["b"]}, "time": 1397269715, "salt": "Exp2", "event": "exposure"}
{"inputs": {"liking_friends": ["c", "a", "b", "d"], "userid": 2, "pageid": 1}, "name": "Exp2", "checksum": "6bb25943", "params": {"num_cues": 2, "friends_shown": ["c", "a"]}, "time": 1397269715, "salt": "Exp2", "event": "exposure"}
{"inputs": {"liking_friends": ["b", "c", "a", "d"], "userid": 2, "pageid": 2}, "name": "Exp2", "checksum": "6bb25943", "params": {"num_cues": 2, "friends_shown": ["b", "c"]}, "time": 1397269715, "salt": "Exp2", "event": "exposure"}
{"inputs": {"liking_friends": ["a", "b", "c", "d"], "userid": 2, "pageid": 3}, "name": "Exp2", "checksum": "6bb25943", "params": {"num_cues": 3, "friends_shown": ["a", "b", "c"]}, "time": 1397269715, "salt": "Exp2", "event": "exposure"}
{"inputs": {"liking_friends": ["a", "b", "c", "d"], "userid": 3, "pageid": 1}, "name": "Exp2", "checksum": "6bb25943", "params": {"num_cues": 2, "friends_shown": ["a", "b"]}, "time": 1397269715, "salt": "Exp2", "event": "exposure"}
{"inputs": {"liking_friends": ["a", "b", "c", "d"], "userid": 3, "pageid": 2}, "name": "Exp2", "checksum": "6bb25943", "params": {"num_cues": 3, "friends_shown": ["a", "b", "c"]}, "time": 1397269715, "salt": "Exp2", "event": "exposure"}
{"inputs": {"liking_friends": ["a", "b", "c", "d"], "userid": 3, "pageid": 3}, "name": "Exp2", "checksum": "6bb25943", "params": {"num_cues": 3, "friends_shown": ["a", "b", "c"]}, "time": 1397269715, "salt": "Exp2", "event": "exposure"}
{"inputs": {"liking_friends": ["a", "b", "c", "d"], "userid": 1, "pageid": 1}, "name": "Exp2", "checksum": "277ee7fc", "params": {"num_cues": 3, "friends_shown": ["a", "d", "c"]}, "time": 1397269816, "salt": "Exp2", "event": "exposure"}
{"inputs": {"liking_friends": ["a", "b", "c", "d"], "userid": 1, "pageid": 2}, "name": "Exp2", "checksum": "277ee7fc", "params": {"num_cues": 1, "friends_shown": ["a"]}, "time": 1397269816, "salt": "Exp2", "event": "exposure"}
{"inputs": {"liking_friends": ["a", "b", "c", "d"], "userid": 1, "pageid": 3}, "name": "Exp2", "checksum": "277ee7fc", "params": {"num_cues": 1, "friends_shown": ["d"]}, "time": 1397269816, "salt": "Exp2", "event": "exposure"}
{"inputs": {"liking_friends": ["a", "b", "c", "d"], "userid": 2, "pageid": 1}, "name": "Exp2", "checksum": "277ee7fc", "params": {"num_cues": 2, "friends_shown": ["b", "c"]}, "time": 1397269816, "salt": "Exp2", "event": "exposure"}
{"inputs": {"liking_friends": ["a", "b", "c", "d"], "userid": 2, "pageid": 2}, "name": "Exp2", "checksum": "277ee7fc", "params": {"num_cues": 2, "friends_shown": ["c", "a"]}, "time": 1397269816, "salt": "Exp2", "event": "exposure"}
{"inputs": {"liking_friends": ["a", "b", "c", "d"], "userid": 2, "pageid": 3}, "name": "Exp2", "checksum": "277ee7fc", "params": {"num_cues": 3, "friends_shown": ["b", "a", "c"]}, "time": 1397269816, "salt": "Exp2", "event": "exposure"}
{"inputs": {"liking_friends": ["a", "b", "c", "d"], "userid": 3, "pageid": 1}, "name": "Exp2", "checksum": "277ee7fc", "params": {"num_cues": 2, "friends_shown": ["d", "c"]}, "time": 1397269816, "salt": "Exp2", "event": "exposure"}
{"inputs": {"liking_friends": ["a", "b", "c", "d"], "userid": 3, "pageid": 2}, "name": "Exp2", "checksum": "277ee7fc", "params": {"num_cues": 3, "friends_shown": ["d", "c", "b"]}, "time": 1397269816, "salt": "Exp2", "event": "exposure"}
{"inputs": {"liking_friends": ["a", "b", "c", "d"], "userid": 3, "pageid": 3}, "name": "Exp2", "checksum": "277ee7fc", "params": {"num_cues": 3, "friends_shown": ["a", "c", "b"]}, "time": 1397269816, "salt": "Exp2", "event": "exposure"}
{"inputs": {"liking_friends": ["a", "b", "c", "d"], "userid": 1, "pageid": 1}, "name": "Exp2", "checksum": "6bb25943", "params": {"num_cues": 3, "friends_shown": ["a", "b", "c"]}, "time": 1397269816, "salt": "Exp2", "event": "exposure"}
{"inputs": {"liking_friends": ["a", "c", "d", "b"], "userid": 1, "pageid": 2}, "name": "Exp2", "checksum": "6bb25943", "params": {"num_cues": 1, "friends_shown": ["a"]}, "time": 1397269816, "salt": "Exp2", "event": "exposure"}
{"inputs": {"liking_friends": ["b", "d", "c", "a"], "userid": 1, "pageid": 3}, "name": "Exp2", "checksum": "6bb25943", "params": {"num_cues": 1, "friends_shown": ["b"]}, "time": 1397269816, "salt": "Exp2", "event": "exposure"}
{"inputs": {"liking_friends": ["c", "a", "b", "d"], "userid": 2, "pageid": 1}, "name": "Exp2", "checksum": "6bb25943", "params": {"num_cues": 2, "friends_shown": ["c", "a"]}, "time": 1397269816, "salt": "Exp2", "event": "exposure"}
{"inputs": {"liking_friends": ["b", "c", "a", "d"], "userid": 2, "pageid": 2}, "name": "Exp2", "checksum": "6bb25943", "params": {"num_cues": 2, "friends_shown": ["b", "c"]}, "time": 1397269816, "salt": "Exp2", "event": "exposure"}
{"inputs": {"liking_friends": ["a", "b", "c", "d"], "userid": 2, "pageid": 3}, "name": "Exp2", "checksum": "6bb25943", "params": {"num_cues": 3, "friends_shown": ["a", "b", "c"]}, "time": 1397269816, "salt": "Exp2", "event": "exposure"}
{"inputs": {"liking_friends": ["a", "b", "c", "d"], "userid": 3, "pageid": 1}, "name": "Exp2", "checksum": "6bb25943", "params": {"num_cues": 2, "friends_shown": ["a", "b"]}, "time": 1397269816, "salt": "Exp2", "event": "exposure"}
{"inputs": {"liking_friends": ["a", "b", "c", "d"], "userid": 3, "pageid": 2}, "name": "Exp2", "checksum": "6bb25943", "params": {"num_cues": 3, "friends_shown": ["a", "b", "c"]}, "time": 1397269816, "salt": "Exp2", "event": "exposure"}
{"inputs": {"liking_friends": ["a", "b", "c", "d"], "userid": 3, "pageid": 3}, "name": "Exp2", "checksum": "6bb25943", "params": {"num_cues": 3, "friends_shown": ["a", "b", "c"]}, "time": 1397269816, "salt": "Exp2", "event": "exposure"}
